# JRE version: OpenJDK Runtime Environment (8.0_242-b01) (build 1.8.0_242-release-1644-b01)
# Java VM: OpenJDK 64-Bit Server VM (25.242-b01 mixed mode windows-amd64 compressed oops)
Heap:
 PSYoungGen      total 628224K, used 75872K [0x00000000d5580000, 0x00000000ffd00000, 0x0000000100000000)
  eden space 563712K, 10% used [0x00000000d5580000,0x00000000d8e03a78,0x00000000f7c00000)
  from space 64512K, 27% used [0x00000000f7c00000,0x00000000f8d946e0,0x00000000fbb00000)
  to   space 61952K, 0% used [0x00000000fc080000,0x00000000fc080000,0x00000000ffd00000)
 ParOldGen       total 307200K, used 234893K [0x0000000080000000, 0x0000000092c00000, 0x00000000d5580000)
  object space 307200K, 76% used [0x0000000080000000,0x000000008e563670,0x0000000092c00000)
 Metaspace       used 131819K, capacity 138794K, committed 138840K, reserved 1169408K
  class space    used 16970K, capacity 18293K, committed 18304K, reserved 1048576K
GC Heap History (10 events):
Event: 152.064 GC heap before
{Heap before GC invocations=32 (full 5):
 PSYoungGen      total 601600K, used 549376K [0x00000000d5580000, 0x0000000100000000, 0x0000000100000000)
  eden space 549376K, 100% used [0x00000000d5580000,0x00000000f6e00000,0x00000000f6e00000)
  from space 52224K, 0% used [0x00000000fcd00000,0x00000000fcd00000,0x0000000100000000)
  to   space 74752K, 0% used [0x00000000f6e00000,0x00000000f6e00000,0x00000000fb700000)
 ParOldGen       total 307200K, used 170266K [0x0000000080000000, 0x0000000092c00000, 0x00000000d5580000)
  object space 307200K, 55% used [0x0000000080000000,0x000000008a6469a8,0x0000000092c00000)
 Metaspace       used 123340K, capacity 129796K, committed 130776K, reserved 1163264K
  class space    used 15897K, capacity 17148K, committed 17408K, reserved 1048576K
Event: 152.115 GC heap after
Heap after GC invocations=32 (full 5):
 PSYoungGen      total 624128K, used 16030K [0x00000000d5580000, 0x0000000100000000, 0x0000000100000000)
  eden space 549376K, 0% used [0x00000000d5580000,0x00000000d5580000,0x00000000f6e00000)
  from space 74752K, 21% used [0x00000000f6e00000,0x00000000f7da7ac8,0x00000000fb700000)
  to   space 71680K, 0% used [0x00000000fba00000,0x00000000fba00000,0x0000000100000000)
 ParOldGen       total 307200K, used 170274K [0x0000000080000000, 0x0000000092c00000, 0x00000000d5580000)
  object space 307200K, 55% used [0x0000000080000000,0x000000008a6489a8,0x0000000092c00000)
 Metaspace       used 123340K, capacity 129796K, committed 130776K, reserved 1163264K
  class space    used 15897K, capacity 17148K, committed 17408K, reserved 1048576K
}
Event: 153.093 GC heap before
{Heap before GC invocations=33 (full 5):
 PSYoungGen      total 624128K, used 565406K [0x00000000d5580000, 0x0000000100000000, 0x0000000100000000)
  eden space 549376K, 100% used [0x00000000d5580000,0x00000000f6e00000,0x00000000f6e00000)
  from space 74752K, 21% used [0x00000000f6e00000,0x00000000f7da7ac8,0x00000000fb700000)
  to   space 71680K, 0% used [0x00000000fba00000,0x00000000fba00000,0x0000000100000000)
 ParOldGen       total 307200K, used 170274K [0x0000000080000000, 0x0000000092c00000, 0x00000000d5580000)
  object space 307200K, 55% used [0x0000000080000000,0x000000008a6489a8,0x0000000092c00000)
 Metaspace       used 124655K, capacity 131166K, committed 131800K, reserved 1163264K
  class space    used 15999K, capacity 17259K, committed 17408K, reserved 1048576K
Event: 153.145 GC heap after
Heap after GC invocations=33 (full 5):
 PSYoungGen      total 616960K, used 13055K [0x00000000d5580000, 0x00000000ff900000, 0x0000000100000000)
  eden space 552448K, 0% used [0x00000000d5580000,0x00000000d5580000,0x00000000f7100000)
  from space 64512K, 20% used [0x00000000fba00000,0x00000000fc6bfdd8,0x00000000ff900000)
  to   space 69632K, 0% used [0x00000000f7100000,0x00000000f7100000,0x00000000fb500000)
 ParOldGen       total 307200K, used 180729K [0x0000000080000000, 0x0000000092c00000, 0x00000000d5580000)
  object space 307200K, 58% used [0x0000000080000000,0x000000008b07e558,0x0000000092c00000)
 Metaspace       used 124655K, capacity 131166K, committed 131800K, reserved 1163264K
  class space    used 15999K, capacity 17259K, committed 17408K, reserved 1048576K
}
Event: 153.933 GC heap before
{Heap before GC invocations=34 (full 5):
 PSYoungGen      total 616960K, used 565503K [0x00000000d5580000, 0x00000000ff900000, 0x0000000100000000)
  eden space 552448K, 100% used [0x00000000d5580000,0x00000000f7100000,0x00000000f7100000)
  from space 64512K, 20% used [0x00000000fba00000,0x00000000fc6bfdd8,0x00000000ff900000)
  to   space 69632K, 0% used [0x00000000f7100000,0x00000000f7100000,0x00000000fb500000)
 ParOldGen       total 307200K, used 180729K [0x0000000080000000, 0x0000000092c00000, 0x00000000d5580000)
  object space 307200K, 58% used [0x0000000080000000,0x000000008b07e558,0x0000000092c00000)
 Metaspace       used 125512K, capacity 132108K, committed 132696K, reserved 1165312K
  class space    used 16102K, capacity 17386K, committed 17536K, reserved 1048576K
Event: 153.978 GC heap after
Heap after GC invocations=34 (full 5):
 PSYoungGen      total 622080K, used 23525K [0x00000000d5580000, 0x00000000ffd00000, 0x0000000100000000)
  eden space 552448K, 0% used [0x00000000d5580000,0x00000000d5580000,0x00000000f7100000)
  from space 69632K, 33% used [0x00000000f7100000,0x00000000f87f9448,0x00000000fb500000)
  to   space 65536K, 0% used [0x00000000fbd00000,0x00000000fbd00000,0x00000000ffd00000)
 ParOldGen       total 307200K, used 191270K [0x0000000080000000, 0x0000000092c00000, 0x00000000d5580000)
  object space 307200K, 62% used [0x0000000080000000,0x000000008bac9838,0x0000000092c00000)
 Metaspace       used 125512K, capacity 132108K, committed 132696K, reserved 1165312K
  class space    used 16102K, capacity 17386K, committed 17536K, reserved 1048576K
}
Event: 154.701 GC heap before
{Heap before GC invocations=35 (full 5):
 PSYoungGen      total 622080K, used 575973K [0x00000000d5580000, 0x00000000ffd00000, 0x0000000100000000)
  eden space 552448K, 100% used [0x00000000d5580000,0x00000000f7100000,0x00000000f7100000)
  from space 69632K, 33% used [0x00000000f7100000,0x00000000f87f9448,0x00000000fb500000)
  to   space 65536K, 0% used [0x00000000fbd00000,0x00000000fbd00000,0x00000000ffd00000)
 ParOldGen       total 307200K, used 191270K [0x0000000080000000, 0x0000000092c00000, 0x00000000d5580000)
  object space 307200K, 62% used [0x0000000080000000,0x000000008bac9838,0x0000000092c00000)
 Metaspace       used 127246K, capacity 133956K, committed 134104K, reserved 1165312K
  class space    used 16315K, capacity 17608K, committed 17664K, reserved 1048576K
Event: 154.776 GC heap after
Heap after GC invocations=35 (full 5):
 PSYoungGen      total 626176K, used 33005K [0x00000000d5580000, 0x00000000ffa00000, 0x0000000100000000)
  eden space 563712K, 0% used [0x00000000d5580000,0x00000000d5580000,0x00000000f7c00000)
  from space 62464K, 52% used [0x00000000fbd00000,0x00000000fdd3b7d0,0x00000000ffa00000)
  to   space 64512K, 0% used [0x00000000f7c00000,0x00000000f7c00000,0x00000000fbb00000)
 ParOldGen       total 307200K, used 212130K [0x0000000080000000, 0x0000000092c00000, 0x00000000d5580000)
  object space 307200K, 69% used [0x0000000080000000,0x000000008cf28b50,0x0000000092c00000)
 Metaspace       used 127246K, capacity 133956K, committed 134104K, reserved 1165312K
  class space    used 16315K, capacity 17608K, committed 17664K, reserved 1048576K
}
Event: 155.728 GC heap before
{Heap before GC invocations=36 (full 5):
 PSYoungGen      total 626176K, used 596717K [0x00000000d5580000, 0x00000000ffa00000, 0x0000000100000000)
  eden space 563712K, 100% used [0x00000000d5580000,0x00000000f7c00000,0x00000000f7c00000)
  from space 62464K, 52% used [0x00000000fbd00000,0x00000000fdd3b7d0,0x00000000ffa00000)
  to   space 64512K, 0% used [0x00000000f7c00000,0x00000000f7c00000,0x00000000fbb00000)
 ParOldGen       total 307200K, used 212130K [0x0000000080000000, 0x0000000092c00000, 0x00000000d5580000)
  object space 307200K, 69% used [0x0000000080000000,0x000000008cf28b50,0x0000000092c00000)
 Metaspace       used 131468K, capacity 138402K, committed 138584K, reserved 1169408K
  class space    used 16927K, capacity 18245K, committed 18304K, reserved 1048576K
Event: 155.794 GC heap after
Heap after GC invocations=36 (full 5):
 PSYoungGen      total 628224K, used 18001K [0x00000000d5580000, 0x00000000ffd00000, 0x0000000100000000)
  eden space 563712K, 0% used [0x00000000d5580000,0x00000000d5580000,0x00000000f7c00000)
  from space 64512K, 27% used [0x00000000f7c00000,0x00000000f8d946e0,0x00000000fbb00000)
  to   space 61952K, 0% used [0x00000000fc080000,0x00000000fc080000,0x00000000ffd00000)
 ParOldGen       total 307200K, used 234893K [0x0000000080000000, 0x0000000092c00000, 0x00000000d5580000)
  object space 307200K, 76% used [0x0000000080000000,0x000000008e563670,0x0000000092c00000)
 Metaspace       used 131468K, capacity 138402K, committed 138584K, reserved 1169408K
  class space    used 16927K, capacity 18245K, committed 18304K, reserved 1048576K
}

