# JRE version: OpenJDK Runtime Environment (8.0_242-b01) (build 1.8.0_242-release-1644-b01)
# Java VM: OpenJDK 64-Bit Server VM (25.242-b01 mixed mode windows-amd64 compressed oops)
Heap:
 PSYoungGen      total 625152K, used 279607K [0x00000000d5580000, 0x00000000ff980000, 0x0000000100000000)
  eden space 558080K, 46% used [0x00000000d5580000,0x00000000e506c420,0x00000000f7680000)
  from space 67072K, 33% used [0x00000000f7680000,0x00000000f8ca1870,0x00000000fb800000)
  to   space 65024K, 0% used [0x00000000fba00000,0x00000000fba00000,0x00000000ff980000)
 ParOldGen       total 312832K, used 267339K [0x0000000080000000, 0x0000000093180000, 0x00000000d5580000)
  object space 312832K, 85% used [0x0000000080000000,0x0000000090512f08,0x0000000093180000)
 Metaspace       used 175143K, capacity 188266K, committed 196676K, reserved 1220608K
  class space    used 22483K, capacity 24779K, committed 26240K, reserved 1048576K
GC Heap History (10 events):
Event: 4180.957 GC heap before
{Heap before GC invocations=62 (full 7):
 PSYoungGen      total 611840K, used 544557K [0x00000000d5580000, 0x00000000ffa80000, 0x0000000100000000)
  eden space 538624K, 100% used [0x00000000d5580000,0x00000000f6380000,0x00000000f6380000)
  from space 73216K, 8% used [0x00000000fb300000,0x00000000fb8cb650,0x00000000ffa80000)
  to   space 77312K, 0% used [0x00000000f6380000,0x00000000f6380000,0x00000000faf00000)
 ParOldGen       total 312832K, used 240535K [0x0000000080000000, 0x0000000093180000, 0x00000000d5580000)
  object space 312832K, 76% used [0x0000000080000000,0x000000008eae5e08,0x0000000093180000)
 Metaspace       used 175117K, capacity 188266K, committed 196676K, reserved 1220608K
  class space    used 22482K, capacity 24779K, committed 26240K, reserved 1048576K
Event: 4181.004 GC heap after
Heap after GC invocations=62 (full 7):
 PSYoungGen      total 615936K, used 9568K [0x00000000d5580000, 0x00000000fff00000, 0x0000000100000000)
  eden space 538624K, 0% used [0x00000000d5580000,0x00000000d5580000,0x00000000f6380000)
  from space 77312K, 12% used [0x00000000f6380000,0x00000000f6cd8170,0x00000000faf00000)
  to   space 74752K, 0% used [0x00000000fb600000,0x00000000fb600000,0x00000000fff00000)
 ParOldGen       total 312832K, used 242950K [0x0000000080000000, 0x0000000093180000, 0x00000000d5580000)
  object space 312832K, 77% used [0x0000000080000000,0x000000008ed41bf0,0x0000000093180000)
 Metaspace       used 175117K, capacity 188266K, committed 196676K, reserved 1220608K
  class space    used 22482K, capacity 24779K, committed 26240K, reserved 1048576K
}
Event: 4181.544 GC heap before
{Heap before GC invocations=63 (full 7):
 PSYoungGen      total 615936K, used 548192K [0x00000000d5580000, 0x00000000fff00000, 0x0000000100000000)
  eden space 538624K, 100% used [0x00000000d5580000,0x00000000f6380000,0x00000000f6380000)
  from space 77312K, 12% used [0x00000000f6380000,0x00000000f6cd8170,0x00000000faf00000)
  to   space 74752K, 0% used [0x00000000fb600000,0x00000000fb600000,0x00000000fff00000)
 ParOldGen       total 312832K, used 242950K [0x0000000080000000, 0x0000000093180000, 0x00000000d5580000)
  object space 312832K, 77% used [0x0000000080000000,0x000000008ed41bf0,0x0000000093180000)
 Metaspace       used 175127K, capacity 188266K, committed 196676K, reserved 1220608K
  class space    used 22482K, capacity 24779K, committed 26240K, reserved 1048576K
Event: 4181.606 GC heap after
Heap after GC invocations=63 (full 7):
 PSYoungGen      total 614912K, used 10828K [0x00000000d5580000, 0x00000000ff880000, 0x0000000100000000)
  eden space 546816K, 0% used [0x00000000d5580000,0x00000000d5580000,0x00000000f6b80000)
  from space 68096K, 15% used [0x00000000fb600000,0x00000000fc0932b0,0x00000000ff880000)
  to   space 72192K, 0% used [0x00000000f6b80000,0x00000000f6b80000,0x00000000fb200000)
 ParOldGen       total 312832K, used 248114K [0x0000000080000000, 0x0000000093180000, 0x00000000d5580000)
  object space 312832K, 79% used [0x0000000080000000,0x000000008f24c8c8,0x0000000093180000)
 Metaspace       used 175127K, capacity 188266K, committed 196676K, reserved 1220608K
  class space    used 22482K, capacity 24779K, committed 26240K, reserved 1048576K
}
Event: 4182.030 GC heap before
{Heap before GC invocations=64 (full 7):
 PSYoungGen      total 614912K, used 557644K [0x00000000d5580000, 0x00000000ff880000, 0x0000000100000000)
  eden space 546816K, 100% used [0x00000000d5580000,0x00000000f6b80000,0x00000000f6b80000)
  from space 68096K, 15% used [0x00000000fb600000,0x00000000fc0932b0,0x00000000ff880000)
  to   space 72192K, 0% used [0x00000000f6b80000,0x00000000f6b80000,0x00000000fb200000)
 ParOldGen       total 312832K, used 248114K [0x0000000080000000, 0x0000000093180000, 0x00000000d5580000)
  object space 312832K, 79% used [0x0000000080000000,0x000000008f24c8c8,0x0000000093180000)
 Metaspace       used 175127K, capacity 188266K, committed 196676K, reserved 1220608K
  class space    used 22482K, capacity 24779K, committed 26240K, reserved 1048576K
Event: 4182.084 GC heap after
Heap after GC invocations=64 (full 7):
 PSYoungGen      total 619008K, used 13603K [0x00000000d5580000, 0x00000000ffd00000, 0x0000000100000000)
  eden space 546816K, 0% used [0x00000000d5580000,0x00000000d5580000,0x00000000f6b80000)
  from space 72192K, 18% used [0x00000000f6b80000,0x00000000f78c8eb8,0x00000000fb200000)
  to   space 68608K, 0% used [0x00000000fba00000,0x00000000fba00000,0x00000000ffd00000)
 ParOldGen       total 312832K, used 255918K [0x0000000080000000, 0x0000000093180000, 0x00000000d5580000)
  object space 312832K, 81% used [0x0000000080000000,0x000000008f9ebbb8,0x0000000093180000)
 Metaspace       used 175127K, capacity 188266K, committed 196676K, reserved 1220608K
  class space    used 22482K, capacity 24779K, committed 26240K, reserved 1048576K
}
Event: 4182.597 GC heap before
{Heap before GC invocations=65 (full 7):
 PSYoungGen      total 619008K, used 560419K [0x00000000d5580000, 0x00000000ffd00000, 0x0000000100000000)
  eden space 546816K, 100% used [0x00000000d5580000,0x00000000f6b80000,0x00000000f6b80000)
  from space 72192K, 18% used [0x00000000f6b80000,0x00000000f78c8eb8,0x00000000fb200000)
  to   space 68608K, 0% used [0x00000000fba00000,0x00000000fba00000,0x00000000ffd00000)
 ParOldGen       total 312832K, used 255918K [0x0000000080000000, 0x0000000093180000, 0x00000000d5580000)
  object space 312832K, 81% used [0x0000000080000000,0x000000008f9ebbb8,0x0000000093180000)
 Metaspace       used 175132K, capacity 188266K, committed 196676K, reserved 1220608K
  class space    used 22483K, capacity 24779K, committed 26240K, reserved 1048576K
Event: 4182.660 GC heap after
Heap after GC invocations=65 (full 7):
 PSYoungGen      total 623104K, used 3968K [0x00000000d5580000, 0x00000000ff980000, 0x0000000100000000)
  eden space 558080K, 0% used [0x00000000d5580000,0x00000000d5580000,0x00000000f7680000)
  from space 65024K, 6% used [0x00000000fba00000,0x00000000fbde0000,0x00000000ff980000)
  to   space 67072K, 0% used [0x00000000f7680000,0x00000000f7680000,0x00000000fb800000)
 ParOldGen       total 312832K, used 266335K [0x0000000080000000, 0x0000000093180000, 0x00000000d5580000)
  object space 312832K, 85% used [0x0000000080000000,0x0000000090417f60,0x0000000093180000)
 Metaspace       used 175132K, capacity 188266K, committed 196676K, reserved 1220608K
  class space    used 22483K, capacity 24779K, committed 26240K, reserved 1048576K
}
Event: 4183.413 GC heap before
{Heap before GC invocations=66 (full 7):
 PSYoungGen      total 623104K, used 562048K [0x00000000d5580000, 0x00000000ff980000, 0x0000000100000000)
  eden space 558080K, 100% used [0x00000000d5580000,0x00000000f7680000,0x00000000f7680000)
  from space 65024K, 6% used [0x00000000fba00000,0x00000000fbde0000,0x00000000ff980000)
  to   space 67072K, 0% used [0x00000000f7680000,0x00000000f7680000,0x00000000fb800000)
 ParOldGen       total 312832K, used 266335K [0x0000000080000000, 0x0000000093180000, 0x00000000d5580000)
  object space 312832K, 85% used [0x0000000080000000,0x0000000090417f60,0x0000000093180000)
 Metaspace       used 175142K, capacity 188266K, committed 196676K, reserved 1220608K
  class space    used 22483K, capacity 24779K, committed 26240K, reserved 1048576K
Event: 4183.565 GC heap after
Heap after GC invocations=66 (full 7):
 PSYoungGen      total 625152K, used 22662K [0x00000000d5580000, 0x00000000ff980000, 0x0000000100000000)
  eden space 558080K, 0% used [0x00000000d5580000,0x00000000d5580000,0x00000000f7680000)
  from space 67072K, 33% used [0x00000000f7680000,0x00000000f8ca1870,0x00000000fb800000)
  to   space 65024K, 0% used [0x00000000fba00000,0x00000000fba00000,0x00000000ff980000)
 ParOldGen       total 312832K, used 267339K [0x0000000080000000, 0x0000000093180000, 0x00000000d5580000)
  object space 312832K, 85% used [0x0000000080000000,0x0000000090512f08,0x0000000093180000)
 Metaspace       used 175142K, capacity 188266K, committed 196676K, reserved 1220608K
  class space    used 22483K, capacity 24779K, committed 26240K, reserved 1048576K
}

